/home/moglix/Desktop/moglix/online_pwa_optimisation/src/app/components/brand-store/store.component.ts:65:7
ERROR: 65:7     no-unused-variable  'id' is declared but its value is never read.

/home/moglix/Desktop/moglix/online_pwa_optimisation/src/app/components/product-rfq/product-rfq.component.ts:75:115
ERROR: 75:115   no-unused-variable  Property 'productUtil' is declared but its value is never read.

/home/moglix/Desktop/moglix/online_pwa_optimisation/src/app/modules/cart/cart.component.ts:228:13
ERROR: 228:13   no-unused-variable  'params' is declared but its value is never read.
ERROR: 653:29   no-unused-variable  'addmsg' is declared but its value is never read.
ERROR: 669:29   no-unused-variable  'addmsg' is declared but its value is never read.
ERROR: 878:13   no-unused-variable  'criteoItem' is declared but its value is never read.
ERROR: 1878:21  no-unused-variable  'appliedPromoCode' is declared but its value is never read.
ERROR: 1883:29  no-unused-variable  'isPromoCodeValid' is declared but its value is never read.
ERROR: 1904:49  no-unused-variable  'productDiscount' is declared but its value is never read.
ERROR: 1986:13  no-unused-variable  'serviceAvailable' is declared but its value is never read.
ERROR: 2901:15  no-unused-variable  'itemsListMap' is declared but its value is never read.

/home/moglix/Desktop/moglix/online_pwa_optimisation/src/app/modules/creditDebitCard/creditDebitCard.component.ts:80:13
ERROR: 80:13    no-unused-variable  'params' is declared but its value is never read.
ERROR: 106:13   no-unused-variable  'cart' is declared but its value is never read.
ERROR: 107:13   no-unused-variable  'cartItems' is declared but its value is never read.

/home/moglix/Desktop/moglix/online_pwa_optimisation/src/app/modules/creditDebitCard/creditDebitCard.ts:62:5
ERROR: 62:5     no-unused-variable  'Request' is declared but its value is never read.
ERROR: 115:5    no-unused-variable  'Response' is declared but its value is never read.
ERROR: 155:5    no-unused-variable  'cartItems' is declared but its value is never read.

/home/moglix/Desktop/moglix/online_pwa_optimisation/src/app/modules/dashboard/bussiness-purchase-list/bussinessPurchaseList.component.ts:170:9
ERROR: 170:9    no-unused-variable  'index' is declared but its value is never read.
ERROR: 378:13   no-unused-variable  'isBulkPriceValid' is declared but its value is never read.

/home/moglix/Desktop/moglix/online_pwa_optimisation/src/app/modules/dashboard/order-detail/order-detail.component.ts:252:13
ERROR: 252:13   no-unused-variable  'dDate' is declared but its value is never read.

/home/moglix/Desktop/moglix/online_pwa_optimisation/src/app/modules/deliveryAddress/deliveryAddress.component.ts:470:13
ERROR: 470:13   no-unused-variable  'isShippingAddressValid' is declared but its value is never read.
ERROR: 537:15   no-unused-variable  'sba' is declared but its value is never read.

/home/moglix/Desktop/moglix/online_pwa_optimisation/src/app/modules/emi/emi.component.ts:367:13
ERROR: 367:13   no-unused-variable  'cart' is declared but its value is never read.
ERROR: 368:13   no-unused-variable  'cartItems' is declared but its value is never read.

/home/moglix/Desktop/moglix/online_pwa_optimisation/src/app/modules/global-loader/global-loader.component.ts:14:11
ERROR: 14:11    no-unused-variable  'loaderUnsubcribe' is declared but its value is never read.

/home/moglix/Desktop/moglix/online_pwa_optimisation/src/app/modules/netBanking/netBanking.component.ts:138:13
ERROR: 138:13   no-unused-variable  'cart' is declared but its value is never read.
ERROR: 139:13   no-unused-variable  'cartItems' is declared but its value is never read.

/home/moglix/Desktop/moglix/online_pwa_optimisation/src/app/modules/paytmUpi/paytmUpi.component.ts:80:13
ERROR: 80:13    no-unused-variable  'userSession' is declared but its value is never read.
ERROR: 118:13   no-unused-variable  'cart' is declared but its value is never read.
ERROR: 119:13   no-unused-variable  'cartItems' is declared but its value is never read.

/home/moglix/Desktop/moglix/online_pwa_optimisation/src/app/modules/product-horizontal-card/product-horizontal-card.component.ts:359:11
ERROR: 359:11   no-unused-variable  'productTax' is declared but its value is never read.
ERROR: 365:11   no-unused-variable  'productMinimmumQuantity' is declared but its value is never read.

/home/moglix/Desktop/moglix/online_pwa_optimisation/src/app/modules/productList/productList.component.ts:50:118
ERROR: 50:118   no-unused-variable  Property 'elementRef' is declared but its value is never read.
ERROR: 106:17   no-unused-variable  'list' is declared but its value is never read.

/home/moglix/Desktop/moglix/online_pwa_optimisation/src/app/modules/razorPayForm/razorPayForm.component.ts:137:11
ERROR: 137:11   no-unused-variable  'that' is declared but its value is never read.

/home/moglix/Desktop/moglix/online_pwa_optimisation/src/app/modules/shared-auth/shared-signup/shared-sign-util.service.ts:10:11
ERROR: 10:11    no-unused-variable  'isCheckout' is declared but its value is never read.

/home/moglix/Desktop/moglix/online_pwa_optimisation/src/app/modules/siemaCarousel/siemaCarousel.component.ts:193:13
ERROR: 193:13   no-unused-variable  'i' is declared but its value is never read.

/home/moglix/Desktop/moglix/online_pwa_optimisation/src/app/modules/siemaCarousel/siemaSlide.component.ts:55:38
ERROR: 55:38    no-unused-variable  Property 'platformId' is declared but its value is never read.

/home/moglix/Desktop/moglix/online_pwa_optimisation/src/app/modules/socialLogin/socialLogin.component.ts:102:33
ERROR: 102:33   no-unused-variable  'formData' is declared but its value is never read.

/home/moglix/Desktop/moglix/online_pwa_optimisation/src/app/modules/upi/upi.component.ts:43:281
ERROR: 43:281   no-unused-variable  Property '_upiService' is declared but its value is never read.
ERROR: 83:13    no-unused-variable  'userSession' is declared but its value is never read.
ERROR: 132:13   no-unused-variable  'cart' is declared but its value is never read.
ERROR: 133:13   no-unused-variable  'cartItems' is declared but its value is never read.

/home/moglix/Desktop/moglix/online_pwa_optimisation/src/app/modules/wallet/wallet.component.ts:145:17
ERROR: 145:17   no-unused-variable  'userSession' is declared but its value is never read.
ERROR: 257:13   no-unused-variable  'cart' is declared but its value is never read.
ERROR: 258:13   no-unused-variable  'cartItems' is declared but its value is never read.

/home/moglix/Desktop/moglix/online_pwa_optimisation/src/app/pages/checkout-v1/checkout-v1.component.ts:76:13
ERROR: 76:13    no-unused-variable  Property 'formBuilder' is declared but its value is never read.
ERROR: 81:31    no-unused-variable  Property '_document' is declared but its value is never read.

/home/moglix/Desktop/moglix/online_pwa_optimisation/src/app/pages/contact/contact.component.ts:24:34
ERROR: 24:34    no-unused-variable  Property 'platformId' is declared but its value is never read.

/home/moglix/Desktop/moglix/online_pwa_optimisation/src/app/pages/corporate/corporate.component.ts:8:7
ERROR: 8:7      no-unused-variable  'CD' is declared but its value is never read.

/home/moglix/Desktop/moglix/online_pwa_optimisation/src/app/pages/covid19essentials/covid19.component.ts:8:7
ERROR: 8:7      no-unused-variable  'SPD' is declared but its value is never read.

/home/moglix/Desktop/moglix/online_pwa_optimisation/src/app/pages/diwali-deals/deals.component.ts:6:7
ERROR: 6:7      no-unused-variable  'DSD' is declared but its value is never read.

/home/moglix/Desktop/moglix/online_pwa_optimisation/src/app/pages/originals/originals.component.ts:24:34
ERROR: 24:34    no-unused-variable  Property 'platformId' is declared but its value is never read.

/home/moglix/Desktop/moglix/online_pwa_optimisation/src/app/pages/pages.component.ts:162:9
ERROR: 162:9    no-unused-variable  'ISCHROME' is declared but its value is never read.
ERROR: 195:15   no-unused-variable  'userSession' is declared but its value is never read.

/home/moglix/Desktop/moglix/online_pwa_optimisation/src/app/pages/product/product.component.ts:220:34
ERROR: 220:34   no-unused-variable  Property 'platformId' is declared but its value is never read.
ERROR: 880:13   no-unused-variable  'productId' is declared but its value is never read.
ERROR: 1068:11  no-unused-variable  'user' is declared but its value is never read.
ERROR: 1172:11  no-unused-variable  'NIGHTFLAG' is declared but its value is never read.
ERROR: 2167:11  no-unused-variable  'taxonomy' is declared but its value is never read.
ERROR: 2328:11  no-unused-variable  'taxonomy' is declared but its value is never read.

/home/moglix/Desktop/moglix/online_pwa_optimisation/src/app/pages/static/manufacturer-store/liberty/liberty.component.ts:100:11
ERROR: 100:11   no-unused-variable  Property '_router' is declared but its value is never read.

/home/moglix/Desktop/moglix/online_pwa_optimisation/src/app/utils/client.utility.ts:80:40
ERROR: 80:40    no-unused-variable  'result' is declared but its value is never read.

/home/moglix/Desktop/moglix/online_pwa_optimisation/src/app/utils/guards/is-not-authenticated.guard.ts:13:11
ERROR: 13:11    no-unused-variable  'isBrowser' is declared but its value is never read.

/home/moglix/Desktop/moglix/online_pwa_optimisation/src/app/utils/guards/myAccount.guard.ts:9:13
ERROR: 9:13     no-unused-variable  'isServer' is declared but its value is never read.
ERROR: 10:13    no-unused-variable  'isBrowser' is declared but its value is never read.

/home/moglix/Desktop/moglix/online_pwa_optimisation/src/app/utils/pipes/addSymbol.pipe.ts:4:7
ERROR: 4:7      no-unused-variable  'DISCOUNT' is declared but its value is never read.

/home/moglix/Desktop/moglix/online_pwa_optimisation/src/app/utils/resolvers/alp.resolver.ts:22:13
ERROR: 22:13    no-unused-variable  'pageName' is declared but its value is never read.

/home/moglix/Desktop/moglix/online_pwa_optimisation/src/app/utils/services/cart.service.ts:75:13
ERROR: 75:13    no-unused-variable  'itemsArray' is declared but its value is never read.

/home/moglix/Desktop/moglix/online_pwa_optimisation/src/app/utils/services/data.service.ts:152:27
ERROR: 152:27   no-unused-variable  'request_time' is declared but its value is never read.
ERROR: 157:27   no-unused-variable  'request_time' is declared but its value is never read.

/home/moglix/Desktop/moglix/online_pwa_optimisation/src/app/utils/services/product-utils.service.ts:148:13
ERROR: 148:13   no-unused-variable  'clickStreamData' is declared but its value is never read.

/home/moglix/Desktop/moglix/online_pwa_optimisation/src/app/utils/validators/username.validator.ts:2:7
ERROR: 2:7      no-unused-variable  'error' is declared but its value is never read.

/home/moglix/Desktop/moglix/online_pwa_optimisation/src/main.ts:34:17
ERROR: 34:17    no-unused-variable  'ISCHROME' is declared but its value is never read.

